12:48:43.448 [main] INFO  testclasses.Tc1_UpcomingBikesTest - Popular Cars in Chennai
12:48:51.176 [main] INFO  testclasses.Tc1_UpcomingBikesTest - Login Page is displayed
12:48:58.990 [main] INFO  testclasses.Tc1_UpcomingBikesTest - Entered Inavalid email account
12:49:15.988 [main] INFO  testclasses.Tc1_UpcomingBikesTest - Error Message as Inavalid Data is displayed
13:03:04.759 [main] INFO  testclasses.Tc1_UpcomingBikesTest - Successfully selected on upcoming bikes
13:03:11.935 [main] INFO  testclasses.Tc1_UpcomingBikesTest - Bikes are displayed
13:03:26.559 [main] INFO  testclasses.Tc1_UpcomingBikesTest - Cars home Page
13:03:38.566 [main] INFO  testclasses.Tc1_UpcomingBikesTest - Popular Cars in Chennai
13:03:45.398 [main] INFO  testclasses.Tc1_UpcomingBikesTest - Login Page is displayed
13:03:52.407 [main] INFO  testclasses.Tc1_UpcomingBikesTest - Entered Inavalid email account
13:04:03.650 [main] INFO  testclasses.Tc1_UpcomingBikesTest - Error Message as Inavalid Data is displayed
13:06:29.605 [main] INFO  testclasses.Tc1_UpcomingBikesTest - Successfully selected on upcoming bikes
13:06:36.656 [main] INFO  testclasses.Tc1_UpcomingBikesTest - Bikes are displayed
13:06:48.575 [main] INFO  testclasses.Tc1_UpcomingBikesTest - Cars home Page
13:06:57.332 [main] INFO  testclasses.Tc1_UpcomingBikesTest - Popular Cars in Chennai
13:07:05.827 [main] INFO  testclasses.Tc1_UpcomingBikesTest - Login Page is displayed
13:07:13.013 [main] INFO  testclasses.Tc1_UpcomingBikesTest - Entered Inavalid email account
13:32:53.283 [main] INFO  testclasses.Tc1_UpcomingBikesTest - Successfully selected on upcoming bikes
13:33:05.492 [main] INFO  testclasses.Tc1_UpcomingBikesTest - Bikes are displayed
13:33:27.463 [main] INFO  testclasses.Tc1_UpcomingBikesTest - Cars home Page
13:33:40.020 [main] INFO  testclasses.Tc1_UpcomingBikesTest - Popular Cars in Chennai
13:33:48.946 [main] INFO  testclasses.Tc1_UpcomingBikesTest - Login Page is displayed
13:33:56.318 [main] INFO  testclasses.Tc1_UpcomingBikesTest - Entered Inavalid email account
13:34:08.508 [main] INFO  testclasses.Tc1_UpcomingBikesTest - Error Message as Inavalid Data is displayed
